2021-12-08 00:44:15 Service root has been started.
2021-12-08 00:44:15 Service emacs-daemon has been started.
2021-12-08 00:44:15 Exiting shepherd...
2021-12-08 00:44:15 Service emacs-daemon has been stopped.
2021-12-08 00:44:47 Service root has been started.
2021-12-08 00:44:47 Service emacs-daemon has been started.
2021-12-08 00:44:47 Exiting shepherd...
2021-12-08 00:44:47 Service emacs-daemon has been stopped.
2021-12-08 00:45:10 Service root has been started.
2021-12-08 00:45:10 Service emacs-daemon has been started.
2021-12-08 00:45:10 Exiting shepherd...
2021-12-08 00:45:10 Service emacs-daemon has been stopped.
2021-12-08 00:45:47 Service root has been started.
2021-12-08 00:45:47 Service emacs-daemon has been started.
2021-12-08 00:45:47 Exiting shepherd...
2021-12-08 00:45:47 Service emacs-daemon has been stopped.
2021-12-08 00:48:39 Service root has been started.
2021-12-08 00:48:39 Service emacs-daemon has been started.
2021-12-08 00:48:39 Exiting shepherd...
2021-12-08 00:48:39 Service emacs-daemon has been stopped.
2021-12-08 00:48:44 Service root has been started.
2021-12-08 00:48:44 Service emacs-daemon has been started.
2021-12-08 00:48:44 Exiting shepherd...
2021-12-08 00:48:44 Service emacs-daemon has been stopped.
2021-12-08 00:50:13 Service root has been started.
2021-12-08 00:50:13 Service emacs-daemon has been started.
2021-12-08 00:50:13 Exiting shepherd...
2021-12-08 00:50:13 Service emacs-daemon has been stopped.
2021-12-08 00:50:15 Service root has been started.
2021-12-08 00:50:15 Service emacs-daemon has been started.
2021-12-08 00:50:15 Exiting shepherd...
2021-12-08 00:50:15 Service emacs-daemon has been stopped.
2021-12-08 00:50:28 Service root has been started.
2021-12-08 00:50:28 unbound-variable(#f "Unbound variable: ~S" (s) #f)
2021-12-08 00:51:00 Service root has been started.
2021-12-08 00:51:00 Service emacs-daemon has been started.
2021-12-08 00:51:00 Exiting shepherd...
2021-12-08 00:51:00 Service emacs-daemon has been stopped.
2021-12-08 00:51:10 Service root has been started.
2021-12-08 00:51:10 Exiting shepherd...
2021-12-08 01:13:46 Service root has been started.
2021-12-08 01:13:46 Service emacs-daemon has been started.
2021-12-08 01:13:46 Exiting shepherd...
2021-12-08 01:13:46 Service emacs-daemon has been stopped.
